INFO Watching for file changes with StatReloader
INFO Watching for file changes with StatReloader
INFO C:\Users\DELL\OneDrive\Desktop\FasticketBackend\fasticket_venv\fasticket\fasticket\settings.py changed, reloading.
INFO Watching for file changes with StatReloader
INFO C:\Users\DELL\OneDrive\Desktop\FasticketBackend\fasticket_venv\fasticket\fasticket\settings.py changed, reloading.
INFO Watching for file changes with StatReloader
INFO C:\Users\DELL\OneDrive\Desktop\FasticketBackend\fasticket_venv\fasticket\fasticket\settings.py changed, reloading.
INFO Watching for file changes with StatReloader
INFO Watching for file changes with StatReloader
INFO C:\Users\DELL\OneDrive\Desktop\FasticketBackend\fasticket_venv\fasticket\fasticket\settings.py changed, reloading.
INFO C:\Users\DELL\OneDrive\Desktop\FasticketBackend\fasticket_venv\fasticket\fasticket\settings.py changed, reloading.
INFO Watching for file changes with StatReloader
INFO Watching for file changes with StatReloader
INFO C:\Users\DELL\OneDrive\Desktop\FasticketBackend\fasticket_venv\fasticket\fasticket\settings.py changed, reloading.
INFO Watching for file changes with StatReloader
INFO C:\Users\DELL\OneDrive\Desktop\FasticketBackend\fasticket_venv\fasticket\fasticket\settings.py changed, reloading.
INFO Watching for file changes with StatReloader
INFO C:\Users\DELL\OneDrive\Desktop\FasticketBackend\fasticket_venv\fasticket\bookings\models.py changed, reloading.
INFO C:\Users\DELL\OneDrive\Desktop\FasticketBackend\fasticket_venv\fasticket\bookings\models.py changed, reloading.
INFO Watching for file changes with StatReloader
INFO Watching for file changes with StatReloader
INFO C:\Users\DELL\OneDrive\Desktop\FasticketBackend\fasticket_venv\fasticket\bookings\models.py changed, reloading.
INFO C:\Users\DELL\OneDrive\Desktop\FasticketBackend\fasticket_venv\fasticket\bookings\models.py changed, reloading.
INFO Watching for file changes with StatReloader
INFO Watching for file changes with StatReloader
INFO C:\Users\DELL\OneDrive\Desktop\FasticketBackend\fasticket_venv\fasticket\bookings\models.py changed, reloading.
INFO Watching for file changes with StatReloader
INFO C:\Users\DELL\OneDrive\Desktop\FasticketBackend\fasticket_venv\fasticket\bookings\models.py changed, reloading.
INFO Watching for file changes with StatReloader
INFO C:\Users\DELL\OneDrive\Desktop\FasticketBackend\fasticket_venv\fasticket\tickets\models.py changed, reloading.
INFO C:\Users\DELL\OneDrive\Desktop\FasticketBackend\fasticket_venv\fasticket\tickets\models.py changed, reloading.
INFO Watching for file changes with StatReloader
INFO Watching for file changes with StatReloader
INFO C:\Users\DELL\OneDrive\Desktop\FasticketBackend\fasticket_venv\fasticket\tickets\models.py changed, reloading.
INFO C:\Users\DELL\OneDrive\Desktop\FasticketBackend\fasticket_venv\fasticket\tickets\models.py changed, reloading.
INFO Watching for file changes with StatReloader
INFO Watching for file changes with StatReloader
INFO C:\Users\DELL\OneDrive\Desktop\FasticketBackend\fasticket_venv\fasticket\tickets\models.py changed, reloading.
INFO C:\Users\DELL\OneDrive\Desktop\FasticketBackend\fasticket_venv\fasticket\tickets\models.py changed, reloading.
INFO Watching for file changes with StatReloader
INFO Watching for file changes with StatReloader
INFO C:\Users\DELL\OneDrive\Desktop\FasticketBackend\fasticket_venv\fasticket\bookings\models.py changed, reloading.
INFO C:\Users\DELL\OneDrive\Desktop\FasticketBackend\fasticket_venv\fasticket\bookings\models.py changed, reloading.
INFO Watching for file changes with StatReloader
INFO Watching for file changes with StatReloader
INFO C:\Users\DELL\OneDrive\Desktop\FasticketBackend\fasticket_venv\fasticket\fasticket\settings.py changed, reloading.
INFO C:\Users\DELL\OneDrive\Desktop\FasticketBackend\fasticket_venv\fasticket\fasticket\settings.py changed, reloading.
INFO Watching for file changes with StatReloader
INFO Watching for file changes with StatReloader
INFO Watching for file changes with StatReloader
WARNING Not Found: /
WARNING "GET / HTTP/1.1" 404 2195
WARNING Not Found: /admin /
WARNING "GET /admin%20/ HTTP/1.1" 404 2236
INFO "GET /admin/ HTTP/1.1" 200 3580
INFO "GET /static/admin/css/dark_mode.css HTTP/1.1" 304 0
INFO "GET /static/admin/css/base.css HTTP/1.1" 304 0
INFO "GET /static/admin/css/nav_sidebar.css HTTP/1.1" 304 0
INFO "GET /static/admin/css/dashboard.css HTTP/1.1" 304 0
INFO "GET /static/admin/css/responsive.css HTTP/1.1" 304 0
INFO "GET /static/admin/css/fonts.css HTTP/1.1" 304 0
INFO "GET /static/admin/js/nav_sidebar.js HTTP/1.1" 304 0
INFO "GET /static/admin/img/icon-changelink.svg HTTP/1.1" 304 0
INFO "GET /static/admin/img/icon-addlink.svg HTTP/1.1" 304 0
INFO "GET /static/admin/fonts/Roboto-Bold-webfont.woff HTTP/1.1" 304 0
INFO "GET /static/admin/fonts/Roboto-Light-webfont.woff HTTP/1.1" 304 0
INFO "GET /static/admin/fonts/Roboto-Regular-webfont.woff HTTP/1.1" 304 0
INFO "GET /admin/auth/group/add/ HTTP/1.1" 200 9188
INFO "GET /admin/jsi18n/ HTTP/1.1" 200 3343
INFO "GET /static/admin/js/jquery.init.js HTTP/1.1" 200 347
INFO "GET /static/admin/css/forms.css HTTP/1.1" 200 8944
INFO "GET /static/admin/js/admin/RelatedObjectLookups.js HTTP/1.1" 200 8919
INFO "GET /static/admin/js/actions.js HTTP/1.1" 200 7872
INFO "GET /static/admin/js/core.js HTTP/1.1" 200 5698
INFO "GET /static/admin/js/urlify.js HTTP/1.1" 200 7902
INFO "GET /static/admin/js/SelectFilter2.js HTTP/1.1" 200 11317
INFO "GET /static/admin/js/prepopulate.js HTTP/1.1" 200 1531
INFO "GET /static/admin/css/widgets.css HTTP/1.1" 200 11297
INFO "GET /static/admin/js/prepopulate_init.js HTTP/1.1" 200 586
INFO "GET /static/admin/js/SelectBox.js HTTP/1.1" 200 4360
INFO "GET /static/admin/js/vendor/xregexp/xregexp.js HTTP/1.1" 200 232381
INFO "GET /static/admin/js/change_form.js HTTP/1.1" 200 1043
INFO "GET /static/admin/js/vendor/jquery/jquery.js HTTP/1.1" 200 288580
INFO "GET /static/admin/img/icon-unknown.svg HTTP/1.1" 200 655
INFO "GET /static/admin/img/icon-unknown-alt.svg HTTP/1.1" 200 655
INFO "GET /static/admin/img/search.svg HTTP/1.1" 200 458
INFO "GET /static/admin/img/selector-icons.svg HTTP/1.1" 200 3291
INFO "GET /admin/auth/user/ HTTP/1.1" 200 8440
INFO "GET /static/admin/css/changelists.css HTTP/1.1" 200 6395
INFO "GET /static/admin/js/filters.js HTTP/1.1" 200 966
INFO "GET /static/admin/img/icon-yes.svg HTTP/1.1" 200 436
INFO "GET /admin/jsi18n/ HTTP/1.1" 200 3343
INFO "GET /static/admin/img/tooltag-add.svg HTTP/1.1" 200 331
INFO "GET /static/admin/img/sorting-icons.svg HTTP/1.1" 200 1097
INFO "GET /admin/auth/user/1/change/ HTTP/1.1" 200 17055
INFO "GET /static/admin/js/calendar.js HTTP/1.1" 200 8466
INFO "GET /static/admin/js/admin/DateTimeShortcuts.js HTTP/1.1" 200 19379
INFO "GET /admin/jsi18n/ HTTP/1.1" 200 3343
INFO "GET /static/admin/img/icon-calendar.svg HTTP/1.1" 200 1086
INFO "GET /static/admin/img/icon-clock.svg HTTP/1.1" 200 677
INFO "GET /admin/auth/ HTTP/1.1" 200 3518
INFO "GET /admin/auth/group/ HTTP/1.1" 200 5200
INFO "GET /admin/jsi18n/ HTTP/1.1" 200 3343
INFO "GET /admin/auth/user/add/ HTTP/1.1" 200 7500
INFO "GET /admin/jsi18n/ HTTP/1.1" 200 3343
